
2018-08-05 15:24:22 178.71.190.165
Not found key for method searchDeliveryList. Check plugin settings field 'method_keys'.
array (
  'url' => 'https://delivery.yandex.ru/api/1.0/searchDeliveryList',
  'data' => 
  array (
    'assessed_value' => '0',
    'city_from' => 'москва',
    'city_to' => 'петрозаводск',
    'client_id' => '',
    'height' => '10',
    'length' => '30',
    'order_cost' => '1020',
    'sender_id' => '',
    'to_yd_warehouse' => '1',
    'total_cost' => '1020',
    'weight' => '0',
    'width' => '20',
  ),
)

2018-08-05 15:24:33 178.71.190.165
Not found key for method searchDeliveryList. Check plugin settings field 'method_keys'.
array (
  'url' => 'https://delivery.yandex.ru/api/1.0/searchDeliveryList',
  'data' => 
  array (
    'assessed_value' => '0',
    'city_from' => 'москва',
    'city_to' => 'петрозаводск',
    'client_id' => '',
    'height' => '10',
    'length' => '30',
    'order_cost' => '1020',
    'sender_id' => '',
    'to_yd_warehouse' => '1',
    'total_cost' => '1020',
    'weight' => '0',
    'width' => '20',
  ),
)

2018-08-05 15:24:33 178.71.190.165
Not found key for method searchDeliveryList. Check plugin settings field 'method_keys'.
array (
  'url' => 'https://delivery.yandex.ru/api/1.0/searchDeliveryList',
  'data' => 
  array (
    'assessed_value' => '0',
    'city_from' => 'москва',
    'city_to' => 'петрозаводск',
    'client_id' => '',
    'height' => '10',
    'length' => '30',
    'order_cost' => '1020',
    'sender_id' => '',
    'to_yd_warehouse' => '1',
    'total_cost' => '1020',
    'weight' => '0',
    'width' => '20',
  ),
)

2018-08-05 15:24:33 178.71.190.165
Not found key for method autocomplete. Check plugin settings field 'method_keys'.
array (
  'url' => 'https://delivery.yandex.ru/api/1.0/autocomplete',
  'data' => 
  array (
    'client_id' => '',
    'sender_id' => '',
    'term' => 'петрозаводск',
    'type' => 'locality',
  ),
)

2018-08-05 15:24:36 178.71.190.165
Not found key for method searchDeliveryList. Check plugin settings field 'method_keys'.
array (
  'url' => 'https://delivery.yandex.ru/api/1.0/searchDeliveryList',
  'data' => 
  array (
    'assessed_value' => '0',
    'city_from' => 'москва',
    'city_to' => 'петрозаводск',
    'client_id' => '',
    'height' => '10',
    'length' => '30',
    'order_cost' => '1020',
    'sender_id' => '',
    'to_yd_warehouse' => '1',
    'total_cost' => '1020',
    'weight' => '0',
    'width' => '20',
  ),
)

2018-08-05 15:24:36 178.71.190.165
Not found key for method searchDeliveryList. Check plugin settings field 'method_keys'.
array (
  'url' => 'https://delivery.yandex.ru/api/1.0/searchDeliveryList',
  'data' => 
  array (
    'assessed_value' => '0',
    'city_from' => 'москва',
    'city_to' => 'петрозаводск',
    'client_id' => '',
    'height' => '10',
    'length' => '30',
    'order_cost' => '1020',
    'sender_id' => '',
    'to_yd_warehouse' => '1',
    'total_cost' => '1020',
    'weight' => '0',
    'width' => '20',
  ),
)

2018-08-05 15:24:36 178.71.190.165
Not found key for method autocomplete. Check plugin settings field 'method_keys'.
array (
  'url' => 'https://delivery.yandex.ru/api/1.0/autocomplete',
  'data' => 
  array (
    'client_id' => '',
    'sender_id' => '',
    'term' => 'петрозаводск',
    'type' => 'locality',
  ),
)

2018-08-05 15:26:08 178.71.190.165
Not found key for method searchDeliveryList. Check plugin settings field 'method_keys'.
array (
  'url' => 'https://delivery.yandex.ru/api/1.0/searchDeliveryList',
  'data' => 
  array (
    'assessed_value' => '0',
    'city_from' => 'москва',
    'city_to' => 'петрозаводск',
    'client_id' => '',
    'height' => '10',
    'length' => '30',
    'order_cost' => '1020',
    'sender_id' => '',
    'to_yd_warehouse' => '1',
    'total_cost' => '1020',
    'weight' => '6',
    'width' => '20',
  ),
)

2018-08-05 15:26:09 178.71.190.165
Not found key for method searchDeliveryList. Check plugin settings field 'method_keys'.
array (
  'url' => 'https://delivery.yandex.ru/api/1.0/searchDeliveryList',
  'data' => 
  array (
    'assessed_value' => '0',
    'city_from' => 'москва',
    'city_to' => 'петрозаводск',
    'client_id' => '',
    'height' => '10',
    'length' => '30',
    'order_cost' => '1020',
    'sender_id' => '',
    'to_yd_warehouse' => '1',
    'total_cost' => '1020',
    'weight' => '6',
    'width' => '20',
  ),
)

2018-08-05 15:26:09 178.71.190.165
Not found key for method autocomplete. Check plugin settings field 'method_keys'.
array (
  'url' => 'https://delivery.yandex.ru/api/1.0/autocomplete',
  'data' => 
  array (
    'client_id' => '',
    'sender_id' => '',
    'term' => 'петрозаводск',
    'type' => 'locality',
  ),
)

2018-08-05 15:26:45 178.71.190.165
Not found key for method searchDeliveryList. Check plugin settings field 'method_keys'.
array (
  'url' => 'https://delivery.yandex.ru/api/1.0/searchDeliveryList',
  'data' => 
  array (
    'assessed_value' => '0',
    'city_from' => 'москва',
    'city_to' => 'петрозаводск',
    'client_id' => '',
    'height' => '10',
    'length' => '30',
    'order_cost' => '1020',
    'sender_id' => '',
    'to_yd_warehouse' => '1',
    'total_cost' => '1020',
    'weight' => '6',
    'width' => '20',
  ),
)

2018-08-05 15:26:46 178.71.190.165
Not found key for method searchDeliveryList. Check plugin settings field 'method_keys'.
array (
  'url' => 'https://delivery.yandex.ru/api/1.0/searchDeliveryList',
  'data' => 
  array (
    'assessed_value' => '0',
    'city_from' => 'москва',
    'city_to' => 'петрозаводск',
    'client_id' => '',
    'height' => '10',
    'length' => '30',
    'order_cost' => '1020',
    'sender_id' => '',
    'to_yd_warehouse' => '1',
    'total_cost' => '1020',
    'weight' => '6',
    'width' => '20',
  ),
)

2018-08-05 15:26:46 178.71.190.165
Not found key for method autocomplete. Check plugin settings field 'method_keys'.
array (
  'url' => 'https://delivery.yandex.ru/api/1.0/autocomplete',
  'data' => 
  array (
    'client_id' => '',
    'sender_id' => '',
    'term' => 'петрозаводск',
    'type' => 'locality',
  ),
)

2018-08-05 15:26:51 178.71.190.165
Not found key for method searchDeliveryList. Check plugin settings field 'method_keys'.
array (
  'url' => 'https://delivery.yandex.ru/api/1.0/searchDeliveryList',
  'data' => 
  array (
    'assessed_value' => '0',
    'city_from' => 'москва',
    'city_to' => 'петрозаводск',
    'client_id' => '',
    'height' => '10',
    'length' => '30',
    'order_cost' => '1020',
    'sender_id' => '',
    'to_yd_warehouse' => '1',
    'total_cost' => '1020',
    'weight' => '6',
    'width' => '20',
  ),
)

2018-08-05 15:26:51 178.71.190.165
Not found key for method searchDeliveryList. Check plugin settings field 'method_keys'.
array (
  'url' => 'https://delivery.yandex.ru/api/1.0/searchDeliveryList',
  'data' => 
  array (
    'assessed_value' => '0',
    'city_from' => 'москва',
    'city_to' => 'петрозаводск',
    'client_id' => '',
    'height' => '10',
    'length' => '30',
    'order_cost' => '1020',
    'sender_id' => '',
    'to_yd_warehouse' => '1',
    'total_cost' => '1020',
    'weight' => '6',
    'width' => '20',
  ),
)

2018-08-05 15:26:51 178.71.190.165
Not found key for method autocomplete. Check plugin settings field 'method_keys'.
array (
  'url' => 'https://delivery.yandex.ru/api/1.0/autocomplete',
  'data' => 
  array (
    'client_id' => '',
    'sender_id' => '',
    'term' => 'петрозаводск',
    'type' => 'locality',
  ),
)

2018-08-05 15:27:37 178.71.190.165
Not found key for method searchDeliveryList. Check plugin settings field 'method_keys'.
array (
  'url' => 'https://delivery.yandex.ru/api/1.0/searchDeliveryList',
  'data' => 
  array (
    'assessed_value' => '0',
    'city_from' => 'москва',
    'city_to' => 'петрозаводск',
    'client_id' => '',
    'height' => '10',
    'length' => '30',
    'order_cost' => '1020',
    'sender_id' => '',
    'to_yd_warehouse' => '1',
    'total_cost' => '1020',
    'weight' => '6',
    'width' => '20',
  ),
)

2018-08-05 15:27:37 178.71.190.165
Not found key for method searchDeliveryList. Check plugin settings field 'method_keys'.
array (
  'url' => 'https://delivery.yandex.ru/api/1.0/searchDeliveryList',
  'data' => 
  array (
    'assessed_value' => '0',
    'city_from' => 'москва',
    'city_to' => 'петрозаводск',
    'client_id' => '',
    'height' => '10',
    'length' => '30',
    'order_cost' => '1020',
    'sender_id' => '',
    'to_yd_warehouse' => '1',
    'total_cost' => '1020',
    'weight' => '6',
    'width' => '20',
  ),
)

2018-08-05 15:27:37 178.71.190.165
Not found key for method autocomplete. Check plugin settings field 'method_keys'.
array (
  'url' => 'https://delivery.yandex.ru/api/1.0/autocomplete',
  'data' => 
  array (
    'client_id' => '',
    'sender_id' => '',
    'term' => 'петрозаводск',
    'type' => 'locality',
  ),
)

2018-08-07 16:00:31 91.122.188.42
Not found key for method searchDeliveryList. Check plugin settings field 'method_keys'.
array (
  'url' => 'https://delivery.yandex.ru/api/1.0/searchDeliveryList',
  'data' => 
  array (
    'assessed_value' => '0',
    'city_from' => 'москва',
    'city_to' => 'петрозаводск',
    'client_id' => '',
    'height' => '10',
    'length' => '30',
    'order_cost' => '560',
    'sender_id' => '',
    'to_yd_warehouse' => '1',
    'total_cost' => '560',
    'weight' => '0',
    'width' => '20',
  ),
)

2018-08-07 16:06:01 91.122.188.42
Not found key for method searchDeliveryList. Check plugin settings field 'method_keys'.
array (
  'url' => 'https://delivery.yandex.ru/api/1.0/searchDeliveryList',
  'data' => 
  array (
    'assessed_value' => '0',
    'city_from' => 'москва',
    'city_to' => 'петрозаводск',
    'client_id' => '',
    'height' => '10',
    'length' => '30',
    'order_cost' => '340',
    'sender_id' => '',
    'to_yd_warehouse' => '1',
    'total_cost' => '340',
    'weight' => '2',
    'width' => '20',
  ),
)

2018-08-07 16:22:19 91.122.188.42
Not found key for method searchDeliveryList. Check plugin settings field 'method_keys'.
array (
  'url' => 'https://delivery.yandex.ru/api/1.0/searchDeliveryList',
  'data' => 
  array (
    'assessed_value' => '0',
    'city_from' => 'москва',
    'city_to' => 'london',
    'client_id' => '',
    'height' => '10',
    'length' => '30',
    'order_cost' => '999',
    'sender_id' => '',
    'to_yd_warehouse' => '1',
    'total_cost' => '999',
    'weight' => '0',
    'width' => '20',
  ),
)

2018-08-07 20:33:32 178.70.52.2
Not found key for method searchDeliveryList. Check plugin settings field 'method_keys'.
array (
  'url' => 'https://delivery.yandex.ru/api/1.0/searchDeliveryList',
  'data' => 
  array (
    'assessed_value' => '0',
    'city_from' => 'москва',
    'city_to' => 'петрозаводск',
    'client_id' => '',
    'height' => '10',
    'length' => '30',
    'order_cost' => '220',
    'sender_id' => '',
    'to_yd_warehouse' => '1',
    'total_cost' => '220',
    'weight' => '0',
    'width' => '20',
  ),
)

2018-08-08 15:54:43 178.70.52.2
Not found key for method searchDeliveryList. Check plugin settings field 'method_keys'.
array (
  'url' => 'https://delivery.yandex.ru/api/1.0/searchDeliveryList',
  'data' => 
  array (
    'assessed_value' => '0',
    'city_from' => 'москва',
    'city_to' => 'петрозаводск',
    'client_id' => '',
    'height' => '10',
    'length' => '30',
    'order_cost' => '340',
    'sender_id' => '',
    'to_yd_warehouse' => '1',
    'total_cost' => '340',
    'weight' => '0',
    'width' => '20',
  ),
)

2018-08-08 15:55:34 178.70.52.2
Not found key for method searchDeliveryList. Check plugin settings field 'method_keys'.
array (
  'url' => 'https://delivery.yandex.ru/api/1.0/searchDeliveryList',
  'data' => 
  array (
    'assessed_value' => '0',
    'city_from' => 'москва',
    'city_to' => 'петрозаводск',
    'client_id' => '',
    'height' => '10',
    'length' => '30',
    'order_cost' => '340',
    'sender_id' => '',
    'to_yd_warehouse' => '1',
    'total_cost' => '340',
    'weight' => '0',
    'width' => '20',
  ),
)

2018-08-08 16:27:41 178.70.52.2
Not found key for method searchDeliveryList. Check plugin settings field 'method_keys'.
array (
  'url' => 'https://delivery.yandex.ru/api/1.0/searchDeliveryList',
  'data' => 
  array (
    'assessed_value' => '0',
    'city_from' => 'москва',
    'city_to' => 'петрозаводск',
    'client_id' => '',
    'height' => '10',
    'length' => '30',
    'order_cost' => '220',
    'sender_id' => '',
    'to_yd_warehouse' => '1',
    'total_cost' => '220',
    'weight' => '0',
    'width' => '20',
  ),
)

2018-08-08 16:30:20 178.70.52.2
Not found key for method searchDeliveryList. Check plugin settings field 'method_keys'.
array (
  'url' => 'https://delivery.yandex.ru/api/1.0/searchDeliveryList',
  'data' => 
  array (
    'assessed_value' => '0',
    'city_from' => 'москва',
    'city_to' => 'петрозаводск',
    'client_id' => '',
    'height' => '10',
    'length' => '30',
    'order_cost' => '340',
    'sender_id' => '',
    'to_yd_warehouse' => '1',
    'total_cost' => '340',
    'weight' => '0',
    'width' => '20',
  ),
)

2018-08-08 16:31:13 178.70.52.2
Not found key for method searchDeliveryList. Check plugin settings field 'method_keys'.
array (
  'url' => 'https://delivery.yandex.ru/api/1.0/searchDeliveryList',
  'data' => 
  array (
    'assessed_value' => '0',
    'city_from' => 'москва',
    'city_to' => 'петрозаводск',
    'client_id' => '',
    'height' => '10',
    'length' => '30',
    'order_cost' => '340',
    'sender_id' => '',
    'to_yd_warehouse' => '1',
    'total_cost' => '340',
    'weight' => '0',
    'width' => '20',
  ),
)

2018-08-08 16:34:30 178.70.52.2
Not found key for method searchDeliveryList. Check plugin settings field 'method_keys'.
array (
  'url' => 'https://delivery.yandex.ru/api/1.0/searchDeliveryList',
  'data' => 
  array (
    'assessed_value' => '0',
    'city_from' => 'москва',
    'city_to' => 'петрозаводск',
    'client_id' => '',
    'height' => '10',
    'length' => '30',
    'order_cost' => '340',
    'sender_id' => '',
    'to_yd_warehouse' => '1',
    'total_cost' => '340',
    'weight' => '2',
    'width' => '20',
  ),
)

2018-08-08 16:44:06 178.70.52.2
Not found key for method searchDeliveryList. Check plugin settings field 'method_keys'.
array (
  'url' => 'https://delivery.yandex.ru/api/1.0/searchDeliveryList',
  'data' => 
  array (
    'assessed_value' => '0',
    'city_from' => 'москва',
    'city_to' => 'петрозаводск',
    'client_id' => '',
    'height' => '10',
    'length' => '30',
    'order_cost' => '220',
    'sender_id' => '',
    'to_yd_warehouse' => '1',
    'total_cost' => '220',
    'weight' => '0',
    'width' => '20',
  ),
)

2018-08-12 16:46:28 94.66.56.219
Not found key for method searchDeliveryList. Check plugin settings field 'method_keys'.
array (
  'url' => 'https://delivery.yandex.ru/api/1.0/searchDeliveryList',
  'data' => 
  array (
    'assessed_value' => '0',
    'city_from' => 'москва',
    'city_to' => 'москва',
    'client_id' => '',
    'height' => '10',
    'length' => '30',
    'order_cost' => '340',
    'sender_id' => '',
    'to_yd_warehouse' => '1',
    'total_cost' => '340',
    'weight' => '2',
    'width' => '20',
  ),
)
